<?xml version="1.0" encoding="UTF-8"?>
<!-- Generated by org.testng.reporters.JUnitReportReporter -->
<testsuite skipped="0" hostname="shisher-PC" name="ex_maven.sampletest" tests="1" failures="0" timestamp="01 Oct 2017 05:27:58 GMT" time="0.019" errors="0">
  <testcase name="f" time="0.019" classname="ex_maven.sampletest"/>
</testsuite> <!-- ex_maven.sampletest -->
