<?xml version="1.0" encoding="UTF-8"?>
<!-- Generated by org.testng.reporters.JUnitReportReporter -->
<testsuite skipped="0" hostname="shisher-PC" name="ex_maven.ts_maven" tests="1" failures="0" timestamp="30 Sep 2017 07:42:33 GMT" time="0.021" errors="0">
  <testcase name="ts_maven1" time="0.021" classname="ex_maven.ts_maven"/>
</testsuite> <!-- ex_maven.ts_maven -->
