<?xml version="1.0" encoding="UTF-8"?>
<!-- Generated by org.testng.reporters.JUnitReportReporter -->
<testsuite skipped="0" hostname="shisher-PC" name="testmaven.testmaven" tests="1" failures="0" timestamp="14 Jul 2018 10:25:57 GMT" time="0.020" errors="0">
  <testcase name="f" time="0.020" classname="testmaven.testmaven"/>
</testsuite> <!-- testmaven.testmaven -->
